{"D:\\Python\\JSPrototypesConstructorsHometask\\src\\index.js": {"path":"D:\\Python\\JSPrototypesConstructorsHometask\\src\\index.js","statementMap":{"0":{"start":{"line":37,"column":2},"end":{"line":37,"column":19}},"1":{"start":{"line":38,"column":2},"end":{"line":38,"column":19}},"2":{"start":{"line":39,"column":2},"end":{"line":39,"column":20}},"3":{"start":{"line":40,"column":2},"end":{"line":40,"column":17}},"4":{"start":{"line":41,"column":2},"end":{"line":53,"column":3}},"5":{"start":{"line":42,"column":4},"end":{"line":42,"column":21}},"6":{"start":{"line":43,"column":4},"end":{"line":43,"column":22}},"7":{"start":{"line":44,"column":9},"end":{"line":53,"column":3}},"8":{"start":{"line":45,"column":4},"end":{"line":45,"column":21}},"9":{"start":{"line":46,"column":4},"end":{"line":46,"column":22}},"10":{"start":{"line":47,"column":9},"end":{"line":53,"column":3}},"11":{"start":{"line":48,"column":4},"end":{"line":48,"column":21}},"12":{"start":{"line":49,"column":4},"end":{"line":49,"column":22}},"13":{"start":{"line":51,"column":4},"end":{"line":51,"column":20}},"14":{"start":{"line":52,"column":4},"end":{"line":52,"column":21}},"15":{"start":{"line":54,"column":2},"end":{"line":54,"column":19}},"16":{"start":{"line":57,"column":0},"end":{"line":59,"column":1}},"17":{"start":{"line":58,"column":4},"end":{"line":58,"column":50}}},"fnMap":{"0":{"name":"Character","decl":{"start":{"line":36,"column":24},"end":{"line":36,"column":33}},"loc":{"start":{"line":36,"column":46},"end":{"line":55,"column":1}},"line":36},"1":{"name":"(anonymous_1)","decl":{"start":{"line":57,"column":29},"end":{"line":57,"column":30}},"loc":{"start":{"line":57,"column":47},"end":{"line":59,"column":1}},"line":57}},"branchMap":{"0":{"loc":{"start":{"line":41,"column":2},"end":{"line":53,"column":3}},"type":"if","locations":[{"start":{"line":41,"column":2},"end":{"line":53,"column":3}},{"start":{"line":44,"column":9},"end":{"line":53,"column":3}}],"line":41},"1":{"loc":{"start":{"line":41,"column":6},"end":{"line":41,"column":44}},"type":"binary-expr","locations":[{"start":{"line":41,"column":6},"end":{"line":41,"column":23}},{"start":{"line":41,"column":27},"end":{"line":41,"column":44}}],"line":41},"2":{"loc":{"start":{"line":44,"column":9},"end":{"line":53,"column":3}},"type":"if","locations":[{"start":{"line":44,"column":9},"end":{"line":53,"column":3}},{"start":{"line":47,"column":9},"end":{"line":53,"column":3}}],"line":44},"3":{"loc":{"start":{"line":44,"column":13},"end":{"line":44,"column":54}},"type":"binary-expr","locations":[{"start":{"line":44,"column":13},"end":{"line":44,"column":33}},{"start":{"line":44,"column":37},"end":{"line":44,"column":54}}],"line":44},"4":{"loc":{"start":{"line":47,"column":9},"end":{"line":53,"column":3}},"type":"if","locations":[{"start":{"line":47,"column":9},"end":{"line":53,"column":3}},{"start":{"line":50,"column":9},"end":{"line":53,"column":3}}],"line":47},"5":{"loc":{"start":{"line":47,"column":13},"end":{"line":47,"column":53}},"type":"binary-expr","locations":[{"start":{"line":47,"column":13},"end":{"line":47,"column":32}},{"start":{"line":47,"column":36},"end":{"line":47,"column":53}}],"line":47}},"s":{"0":14,"1":14,"2":14,"3":14,"4":14,"5":4,"6":4,"7":10,"8":4,"9":4,"10":6,"11":4,"12":4,"13":2,"14":2,"15":14,"16":1,"17":7},"f":{"0":14,"1":7},"b":{"0":[4,10],"1":[14,12],"2":[4,6],"3":[10,8],"4":[4,2],"5":[6,4]},"_coverageSchema":"1a1c01bbd47fc00a2c39e90264f33305004495a9","hash":"6a965c35dd92da9a84d5b1c116fe420d2cc908de"}
}
